生成启动时间为 2017/4/26 14:29:47。
     1>项目“F:\2.4GSDK\SDK_Nebula\USBHelper_Nebula\USBHelper.vcxproj”在节点 2 上(build 个目标)。
     1>InitializeBuildStatus:
         正在创建“Release\USBHelper.unsuccessfulbuild”，因为已指定“AlwaysCreate”。
       ClCompile:
         C:\Program Files (x86)\Microsoft Visual Studio 10.0\VC\bin\CL.exe /c /I..\sdk\ /Zi /nologo /W3 /WX- /Od /Oi /Oy- /GL /D WIN32 /D _WINDOWS /D NDEBUG /D _UNICODE /D UNICODE /D _AFXDLL /Gm- /EHsc /MD /GS /Gy /fp:precise /Zc:wchar_t /Zc:forScope /Yc"StdAfx.h" /Fp"Release\USBHelper.pch" /Fo"Release\\" /Fd"Release\vc100.pdb" /Gd /TP /analyze- /errorReport:prompt stdafx.cpp
         stdafx.cpp
         C:\Program Files (x86)\Microsoft Visual Studio 10.0\VC\bin\CL.exe /c /I..\sdk\ /Zi /nologo /W3 /WX- /Od /Oi /Oy- /GL /D WIN32 /D _WINDOWS /D NDEBUG /D _UNICODE /D UNICODE /D _AFXDLL /Gm- /EHsc /MD /GS /Gy /fp:precise /Zc:wchar_t /Zc:forScope /Yu"StdAfx.h" /Fp"Release\USBHelper.pch" /Fo"Release\\" /Fd"Release\vc100.pdb" /Gd /TP /analyze- /errorReport:prompt DrawDlg.cpp Functions.cpp SettingDlg.cpp USBHelper.cpp USBHelperDlg.cpp UpdateDlg.cpp WBDlg.cpp
         DrawDlg.cpp
         Functions.cpp
         SettingDlg.cpp
         USBHelper.cpp
         USBHelperDlg.cpp
     1>USBHelperDlg.cpp(609): warning C4018: “<”: 有符号/无符号不匹配
     1>USBHelperDlg.cpp(624): warning C4018: “<”: 有符号/无符号不匹配
     1>USBHelperDlg.cpp(771): warning C4018: “<”: 有符号/无符号不匹配
     1>USBHelperDlg.cpp(869): warning C4018: “<”: 有符号/无符号不匹配
     1>USBHelperDlg.cpp(1048): warning C4018: “>”: 有符号/无符号不匹配
     1>USBHelperDlg.cpp(1210): warning C4018: “<”: 有符号/无符号不匹配
     1>USBHelperDlg.cpp(1350): warning C4018: “<”: 有符号/无符号不匹配
     1>USBHelperDlg.cpp(1354): warning C4800: “const uint8_t”: 将值强制为布尔值“true”或“false”(性能警告)
     1>USBHelperDlg.cpp(1578): warning C4996: 'sprintf': This function or variable may be unsafe. Consider using sprintf_s instead. To disable deprecation, use _CRT_SECURE_NO_WARNINGS. See online help for details.
                 C:\Program Files (x86)\Microsoft Visual Studio 10.0\VC\include\stdio.h(371) : 参见“sprintf”的声明
         UpdateDlg.cpp
         WBDlg.cpp
     1>WBDlg.cpp(67): warning C4244: “初始化”: 从“double”转换到“int”，可能丢失数据
     1>WBDlg.cpp(161): warning C4244: “参数”: 从“int”转换到“Gdiplus::REAL”，可能丢失数据
     1>WBDlg.cpp(253): warning C4244: “初始化”: 从“double”转换到“int”，可能丢失数据
     1>WBDlg.cpp(254): warning C4244: “初始化”: 从“double”转换到“int”，可能丢失数据
     1>WBDlg.cpp(303): warning C4244: “参数”: 从“int”转换到“Gdiplus::REAL”，可能丢失数据
     1>WBDlg.cpp(496): warning C4244: “=”: 从“double”转换到“int”，可能丢失数据
       ResourceCompile:
         C:\Program Files (x86)\Microsoft SDKs\Windows\v7.0A\bin\rc.exe /D NDEBUG /D _UNICODE /D UNICODE /D _AFXDLL /l"0x0804" /IRelease\ /nologo /fo"Release\USBHelper.res" USBHelper.rc 
       Link:
         C:\Program Files (x86)\Microsoft Visual Studio 10.0\VC\bin\link.exe /ERRORREPORT:PROMPT /OUT:"F:\2.4GSDK\SDK_Nebula\USBHelper_Nebula\Release\USBHelper.exe" /INCREMENTAL:NO /NOLOGO /MANIFEST /ManifestFile:"Release\USBHelper.exe.intermediate.manifest" /MANIFESTUAC:"level='asInvoker' uiAccess='false'" /DEBUG /PDB:"F:\2.4GSDK\SDK_Nebula\USBHelper_Nebula\Release\USBHelper.pdb" /SUBSYSTEM:WINDOWS /OPT:REF /OPT:ICF /LTCG /TLBID:1 /ENTRY:"wWinMainCRTStartup" /DYNAMICBASE /NXCOMPAT /IMPLIB:"F:\2.4GSDK\SDK_Nebula\USBHelper_Nebula\Release\USBHelper.lib" /MACHINE:X86 Release\USBHelper.res
         Release\DrawDlg.obj
         Release\Functions.obj
         Release\SettingDlg.obj
         Release\stdafx.obj
         Release\UpdateDlg.obj
         Release\USBHelper.obj
         Release\USBHelperDlg.obj
         Release\WBDlg.obj
         正在生成代码
         已完成代码的生成
         USBHelper.vcxproj -> F:\2.4GSDK\SDK_Nebula\USBHelper_Nebula\Release\USBHelper.exe
       Manifest:
         C:\Program Files (x86)\Microsoft SDKs\Windows\v7.0A\bin\mt.exe /nologo /verbose /outputresource:"F:\2.4GSDK\SDK_Nebula\USBHelper_Nebula\Release\USBHelper.exe;#1" /manifest Release\USBHelper.exe.intermediate.manifest "C:\Program Files (x86)\Microsoft Visual Studio 10.0\VC\Include\Manifest\dpiaware.manifest"
       FinalizeBuildStatus:
         正在删除文件“Release\USBHelper.unsuccessfulbuild”。
         正在对“Release\USBHelper.lastbuildstate”执行 Touch 任务。
     1>已完成生成项目“F:\2.4GSDK\SDK_Nebula\USBHelper_Nebula\USBHelper.vcxproj”(build 个目标)的操作。

生成成功。

已用时间 00:00:06.24
